2024-10-01 23:11:38 - Starting BigApplePortalApplication using Java 22.0.2 with PID 28504 (C:\Users\gabriela.guayara\Desktop\BAPortal\BackEnd\target\classes started by gabriela.guayara in C:\Users\gabriela.guayara\Desktop\BAPortal\BackEnd)
2024-10-01 23:11:38 - Running with Spring Boot v3.3.3, Spring v6.1.12
2024-10-01 23:11:38 - No active profile set, falling back to 1 default profile: "default"
2024-10-01 23:11:38 - Devtools property defaults active! Set 'spring.devtools.add-properties' to 'false' to disable
2024-10-01 23:11:38 - For additional web related logging consider setting the 'logging.level.web' property to 'DEBUG'
2024-10-01 23:11:39 - Bootstrapping Spring Data JPA repositories in DEFAULT mode.
2024-10-01 23:11:39 - Finished Spring Data repository scanning in 60 ms. Found 4 JPA repository interfaces.
2024-10-01 23:11:40 - Tomcat initialized with port 8080 (http)
2024-10-01 23:11:40 - Starting service [Tomcat]
2024-10-01 23:11:40 - Starting Servlet engine: [Apache Tomcat/10.1.28]
2024-10-01 23:11:40 - Initializing Spring embedded WebApplicationContext
2024-10-01 23:11:40 - Root WebApplicationContext: initialization completed in 2168 ms
2024-10-01 23:11:40 - HHH000204: Processing PersistenceUnitInfo [name: default]
2024-10-01 23:11:40 - HHH000412: Hibernate ORM core version 6.5.2.Final
2024-10-01 23:11:40 - HHH000026: Second-level cache disabled
2024-10-01 23:11:41 - No LoadTimeWeaver setup: ignoring JPA class transformer
2024-10-01 23:11:41 - HikariPool-1 - Starting...
2024-10-01 23:11:41 - HikariPool-1 - Added connection com.mysql.cj.jdbc.ConnectionImpl@355cae0
2024-10-01 23:11:41 - HikariPool-1 - Start completed.
2024-10-01 23:11:42 - HHH000489: No JTA platform available (set 'hibernate.transaction.jta.platform' to enable JTA platform integration)
2024-10-01 23:11:42 - Initialized JPA EntityManagerFactory for persistence unit 'default'
2024-10-01 23:11:42 - Filter 'JWTAuthFilter' configured for use
2024-10-01 23:11:43 - Global AuthenticationManager configured with AuthenticationProvider bean with name authenticationProvider
2024-10-01 23:11:43 - Global AuthenticationManager configured with an AuthenticationProvider bean. UserDetailsService beans will not be used for username/password login. Consider removing the AuthenticationProvider bean. Alternatively, consider using the UserDetailsService in a manually instantiated DaoAuthenticationProvider.
2024-10-01 23:11:43 - spring.jpa.open-in-view is enabled by default. Therefore, database queries may be performed during view rendering. Explicitly configure spring.jpa.open-in-view to disable this warning
2024-10-01 23:11:43 - Cannot find template location: classpath:/templates/ (please add some templates, check your Thymeleaf configuration, or set spring.thymeleaf.check-template-location=false)
2024-10-01 23:11:43 - LiveReload server is running on port 35729
2024-10-01 23:11:43 - Tomcat started on port 8080 (http) with context path '/'
2024-10-01 23:11:43 - Started BigApplePortalApplication in 6.21 seconds (process running for 6.809)
2024-10-01 23:12:15 - Initializing Spring DispatcherServlet 'dispatcherServlet'
2024-10-01 23:12:15 - Initializing Servlet 'dispatcherServlet'
2024-10-01 23:12:15 - Completed initialization in 16 ms
2024-10-01 23:19:18 - Closing JPA EntityManagerFactory for persistence unit 'default'
2024-10-01 23:19:18 - HikariPool-1 - Shutdown initiated...
2024-10-01 23:19:18 - HikariPool-1 - Shutdown completed.
